<?xml version="1.0" encoding="UTF-8"?>
<testng-results skipped="0" failed="0" ignored="0" total="1" passed="1">
  <reporter-output>
  </reporter-output>
  <suite name="Suite" duration-ms="67311" started-at="2019-09-14T20:14:23Z" finished-at="2019-09-14T20:15:31Z">
    <groups>
    </groups>
    <test name="Test" duration-ms="67311" started-at="2019-09-14T20:14:23Z" finished-at="2019-09-14T20:15:31Z">
      <class name="demoes.Facebook_Login">
        <test-method status="PASS" signature="setup()[pri:0, instance:demoes.Facebook_Login@61443d8f]" name="setup" is-config="true" duration-ms="42656" started-at="2019-09-14T20:14:23Z" finished-at="2019-09-14T20:15:06Z">
          <reporter-output>
          </reporter-output>
        </test-method> <!-- setup -->
        <test-method status="PASS" signature="test()[pri:0, instance:demoes.Facebook_Login@61443d8f]" name="test" duration-ms="13948" started-at="2019-09-14T20:15:06Z" finished-at="2019-09-14T20:15:20Z">
          <reporter-output>
          </reporter-output>
        </test-method> <!-- test -->
        <test-method status="PASS" signature="tearDown()[pri:0, instance:demoes.Facebook_Login@61443d8f]" name="tearDown" is-config="true" duration-ms="10575" started-at="2019-09-14T20:15:20Z" finished-at="2019-09-14T20:15:30Z">
          <reporter-output>
          </reporter-output>
        </test-method> <!-- tearDown -->
      </class> <!-- demoes.Facebook_Login -->
    </test> <!-- Test -->
  </suite> <!-- Suite -->
</testng-results>
